<?xml version="1.0" encoding="UTF-8"?>
<!-- Generated by org.testng.reporters.JUnitXMLReporter -->
<testsuite ignored="0" hostname="dineshkila" failures="0" tests="3" name="Surefire test" time="8.579" errors="0" timestamp="2023-09-13T11:18:46 IST">
  <testcase classname="api.testcases.UserTest" name="testCreateUser" time="4.487"/>
  <testcase classname="api.testcases.UserTest" name="testGetUserByName" time="1.246"/>
  <testcase classname="api.testcases.UserTest" name="testDeleteUserByName" time="1.179"/>
</testsuite> <!-- Surefire test -->
