<?xml version="1.0" encoding="UTF-8"?>
<!-- Generated by org.testng.reporters.JUnitXMLReporter -->
<testsuite ignored="0" hostname="dineshkila" failures="2" tests="5" name="Surefire test" time="11.374" errors="0" timestamp="2023-09-13T11:52:57 IST">
  <testcase classname="api.testcases.DDTests" name="testPostUer" time="0.0">
    <failure type="java.lang.RuntimeException" message="java.lang.NoClassDefFoundError: org/apache/poi/ss/usermodel/Cell">
      <![CDATA[java.lang.RuntimeException: java.lang.NoClassDefFoundError: org/apache/poi/ss/usermodel/Cell
at java.base/java.util.ArrayList.forEach(ArrayList.java:1511)
Caused by: java.lang.NoClassDefFoundError: org/apache/poi/ss/usermodel/Cell
at api.utility.DataProviders.getAllData(DataProviders.java:16)
... 30 more
Caused by: java.lang.ClassNotFoundException: org.apache.poi.ss.usermodel.Cell
at java.base/jdk.internal.loader.BuiltinClassLoader.loadClass(BuiltinClassLoader.java:641)
at java.base/jdk.internal.loader.ClassLoaders$AppClassLoader.loadClass(ClassLoaders.java:188)
at java.base/java.lang.ClassLoader.loadClass(ClassLoader.java:520)
... 38 more
... Removed 37 stack frames]]>
    </failure>
  </testcase> <!-- testPostUer -->
  <testcase classname="api.testcases.DDTests" name="testDeleteUser" time="0.0">
    <failure type="java.lang.RuntimeException" message="java.lang.NoClassDefFoundError: org/apache/poi/ss/usermodel/Cell">
      <![CDATA[java.lang.RuntimeException: java.lang.NoClassDefFoundError: org/apache/poi/ss/usermodel/Cell
at java.base/java.util.ArrayList.forEach(ArrayList.java:1511)
Caused by: java.lang.NoClassDefFoundError: org/apache/poi/ss/usermodel/Cell
at api.utility.DataProviders.getUserNames(DataProviders.java:37)
... 30 more
Caused by: java.lang.ClassNotFoundException: org.apache.poi.ss.usermodel.Cell
at java.base/jdk.internal.loader.BuiltinClassLoader.loadClass(BuiltinClassLoader.java:641)
at java.base/jdk.internal.loader.ClassLoaders$AppClassLoader.loadClass(ClassLoaders.java:188)
at java.base/java.lang.ClassLoader.loadClass(ClassLoader.java:520)
... 38 more
... Removed 37 stack frames]]>
    </failure>
  </testcase> <!-- testDeleteUser -->
  <testcase classname="api.testcases.UserTest" name="testCreateUser" time="6.494"/>
  <testcase classname="api.testcases.UserTest" name="testGetUserByName" time="1.183"/>
  <testcase classname="api.testcases.UserTest" name="testDeleteUserByName" time="1.182"/>
</testsuite> <!-- Surefire test -->
