<?xml version="1.0" encoding="UTF-8"?>
<!-- Generated by org.testng.reporters.JUnitXMLReporter -->
<testsuite ignored="0" hostname="dineshkila" failures="0" tests="8" name="Default test" time="19.425" errors="0" timestamp="2023-09-13T11:47:12 IST">
  <testcase classname="api.testcases.DDTests" name="testPostUer" time="5.838"/>
  <testcase classname="api.testcases.DDTests" name="testPostUer" time="1.214"/>
  <testcase classname="api.testcases.DDTests" name="testPostUer" time="1.134"/>
  <testcase classname="api.testcases.DDTests" name="testPostUer" time="1.149"/>
  <testcase classname="api.testcases.DDTests" name="testDeleteUser" time="1.354"/>
  <testcase classname="api.testcases.DDTests" name="testDeleteUser" time="1.175"/>
  <testcase classname="api.testcases.DDTests" name="testDeleteUser" time="1.144"/>
  <testcase classname="api.testcases.DDTests" name="testDeleteUser" time="1.192"/>
</testsuite> <!-- Default test -->
