<?xml version="1.0" encoding="UTF-8"?>
<!-- Generated by org.testng.reporters.JUnitXMLReporter -->
<testsuite ignored="0" hostname="dineshkila" failures="0" tests="11" name="Test" time="23.957" errors="0" timestamp="2023-09-13T11:50:28 IST">
  <testcase classname="api.testcases.UserTest" name="testCreateUser" time="5.642"/>
  <testcase classname="api.testcases.UserTest" name="testGetUserByName" time="1.286"/>
  <testcase classname="api.testcases.UserTest" name="testDeleteUserByName" time="1.155"/>
  <testcase classname="api.testcases.DDTests" name="testPostUer" time="1.179"/>
  <testcase classname="api.testcases.DDTests" name="testPostUer" time="1.111"/>
  <testcase classname="api.testcases.DDTests" name="testPostUer" time="1.157"/>
  <testcase classname="api.testcases.DDTests" name="testPostUer" time="1.12"/>
  <testcase classname="api.testcases.DDTests" name="testDeleteUser" time="1.147"/>
  <testcase classname="api.testcases.DDTests" name="testDeleteUser" time="1.151"/>
  <testcase classname="api.testcases.DDTests" name="testDeleteUser" time="1.199"/>
  <testcase classname="api.testcases.DDTests" name="testDeleteUser" time="1.135"/>
</testsuite> <!-- Test -->
