<?xml version="1.0" encoding="UTF-8"?>
<!-- Generated by org.testng.reporters.JUnitXMLReporter -->
<testsuite ignored="0" hostname="dineshkila" failures="0" tests="3" name="Test" time="10.361" errors="0" timestamp="2023-09-13T11:09:14 IST">
  <testcase classname="api.testcases.UserTest" name="testCreateUser" time="5.547"/>
  <testcase classname="api.testcases.UserTest" name="testGetUserByName" time="1.182"/>
  <testcase classname="api.testcases.UserTest" name="testDeleteUserByName" time="1.091"/>
</testsuite> <!-- Test -->
