<?xml version="1.0" encoding="UTF-8"?>
<testng-results ignored="0" total="3" passed="3" failed="0" skipped="0">
  <reporter-output>
  </reporter-output>
  <suite started-at="2023-09-13T11:18:37 IST" name="Surefire suite" finished-at="2023-09-13T11:18:46 IST" duration-ms="8579">
    <groups>
    </groups>
    <test started-at="2023-09-13T11:18:37 IST" name="Surefire test" finished-at="2023-09-13T11:18:46 IST" duration-ms="8579">
      <class name="api.testcases.UserTest">
        <test-method is-config="true" signature="createUserData()[pri:0, instance:api.testcases.UserTest@355ce81c]" started-at="2023-09-13T11:18:37 IST" name="createUserData" finished-at="2023-09-13T11:18:39 IST" duration-ms="1595" status="PASS">
          <reporter-output>
          </reporter-output>
        </test-method> <!-- createUserData -->
        <test-method signature="testCreateUser()[pri:1, instance:api.testcases.UserTest@355ce81c]" started-at="2023-09-13T11:18:39 IST" name="testCreateUser" finished-at="2023-09-13T11:18:43 IST" duration-ms="4487" status="PASS">
          <reporter-output>
          </reporter-output>
        </test-method> <!-- testCreateUser -->
        <test-method signature="testGetUserByName()[pri:2, instance:api.testcases.UserTest@355ce81c]" started-at="2023-09-13T11:18:43 IST" name="testGetUserByName" finished-at="2023-09-13T11:18:45 IST" duration-ms="1246" status="PASS">
          <reporter-output>
          </reporter-output>
        </test-method> <!-- testGetUserByName -->
        <test-method signature="testDeleteUserByName()[pri:4, instance:api.testcases.UserTest@355ce81c]" started-at="2023-09-13T11:18:45 IST" name="testDeleteUserByName" finished-at="2023-09-13T11:18:46 IST" duration-ms="1179" status="PASS">
          <reporter-output>
          </reporter-output>
        </test-method> <!-- testDeleteUserByName -->
      </class> <!-- api.testcases.UserTest -->
    </test> <!-- Surefire test -->
  </suite> <!-- Surefire suite -->
</testng-results>
