<?xml version="1.0" encoding="UTF-8"?>
<testsuite xmlns:xsi="http://www.w3.org/2001/XMLSchema-instance" xsi:noNamespaceSchemaLocation="https://maven.apache.org/surefire/maven-surefire-plugin/xsd/surefire-test-report.xsd" name="api.testcases.UserTest" time="9.663" tests="3" errors="0" skipped="0" failures="0">
  <properties>
[...]
</properties>
  <testcase name="testCreateUser" classname="api.testcases.UserTest" time="4.491"/>
  <testcase name="testGetUserByName" classname="api.testcases.UserTest" time="1.272"/>
  <testcase name="testDeleteUserByName" classname="api.testcases.UserTest" time="1.16"/>
</testsuite>