<?xml version="1.0" encoding="UTF-8"?>
<testng-results ignored="0" total="3" passed="3" failed="0" skipped="0">
  <reporter-output>
  </reporter-output>
  <suite started-at="2023-09-13T11:09:03 IST" name="Suite" finished-at="2023-09-13T11:09:13 IST" duration-ms="10361">
    <groups>
    </groups>
    <test started-at="2023-09-13T11:09:03 IST" name="Test" finished-at="2023-09-13T11:09:13 IST" duration-ms="10361">
      <class name="api.testcases.UserTest">
        <test-method is-config="true" signature="createUserData()[pri:0, instance:api.testcases.UserTest@82de64a]" started-at="2023-09-13T11:09:04 IST" name="createUserData" finished-at="2023-09-13T11:09:05 IST" duration-ms="1643" status="PASS">
          <reporter-output>
          </reporter-output>
        </test-method> <!-- createUserData -->
        <test-method signature="testCreateUser()[pri:1, instance:api.testcases.UserTest@82de64a]" started-at="2023-09-13T11:09:05 IST" name="testCreateUser" finished-at="2023-09-13T11:09:11 IST" duration-ms="5547" status="PASS">
          <reporter-output>
          </reporter-output>
        </test-method> <!-- testCreateUser -->
        <test-method signature="testGetUserByName()[pri:2, instance:api.testcases.UserTest@82de64a]" started-at="2023-09-13T11:09:11 IST" name="testGetUserByName" finished-at="2023-09-13T11:09:12 IST" duration-ms="1182" status="PASS">
          <reporter-output>
          </reporter-output>
        </test-method> <!-- testGetUserByName -->
        <test-method signature="testDeleteUserByName()[pri:4, instance:api.testcases.UserTest@82de64a]" started-at="2023-09-13T11:09:12 IST" name="testDeleteUserByName" finished-at="2023-09-13T11:09:13 IST" duration-ms="1091" status="PASS">
          <reporter-output>
          </reporter-output>
        </test-method> <!-- testDeleteUserByName -->
      </class> <!-- api.testcases.UserTest -->
    </test> <!-- Test -->
  </suite> <!-- Suite -->
</testng-results>
